<?xml version="1.0" encoding="UTF-8"?>
<testsuite xmlns:xsi="http://www.w3.org/2001/XMLSchema-instance" xsi:noNamespaceSchemaLocation="https://maven.apache.org/surefire/maven-surefire-plugin/xsd/surefire-test-report.xsd" name="runner.TestRunner" time="0.346" tests="7" errors="0" skipped="7" failures="0">
  <properties>
[...]
</properties>
  <testcase name="Verify HomePage Functionality" classname="GoGetShare application functionality verification" time="0">
    <skipped message="The step &quot;Launch GoGetShare Application&quot; is undefined"/>
  </testcase>
  <testcase name="Verify HomePage Functionality" classname="GoGetShare application functionality verification" time="0">
    <skipped message="The step &quot;Login to GoGetShare Application&quot; is undefined"/>
  </testcase>
  <testcase name="Verify HomePage Functionality" classname="GoGetShare application functionality verification" time="0">
    <skipped message="The step &quot;Verify Location and Datepicker box functionality&quot; is undefined"/>
  </testcase>
  <testcase name="Verify HomePage Functionality" classname="GoGetShare application functionality verification" time="0">
    <skipped message="The step &quot;Verify list of available cars are displaying in home page&quot; is undefined"/>
  </testcase>
  <testcase name="Verify availability bars are displayed" classname="GoGetShare application functionality verification" time="0">
    <skipped message="The step &quot;Launch GoGetShare Application&quot; is undefined"/>
  </testcase>
  <testcase name="Verify availability bars are displayed" classname="GoGetShare application functionality verification" time="0">
    <skipped message="The step &quot;Login to GoGetShare Application&quot; is undefined"/>
  </testcase>
  <testcase name="Verify availability bars are displayed" classname="GoGetShare application functionality verification" time="0">
    <skipped message="The step &quot;Verify availability bars are displaying in home page&quot; is undefined"/>
  </testcase>
</testsuite>